<?xml version="1.0" encoding="UTF-8"?>
<!-- Generated by org.testng.reporters.JUnitReportReporter -->
<testsuite hostname="Swapnil" failures="0" tests="1" name="testCases.TC_001_AccountRegistrationPage" time="3.889" errors="0" timestamp="2025-02-14T20:05:35 IST" skipped="0">
  <testcase classname="testCases.TC_001_AccountRegistrationPage" name="verify_account_Registration" time="3.889"/>
</testsuite> <!-- testCases.TC_001_AccountRegistrationPage -->
